{
  "stats": {
    "suites": 4,
    "tests": 4,
    "passes": 4,
    "pending": 0,
    "failures": 0,
    "start": "2023-07-17T14:29:45.131Z",
    "end": "2023-07-17T14:29:45.199Z",
    "duration": 68,
    "testsRegistered": 4,
    "passPercent": 100,
    "pendingPercent": 0,
    "other": 0,
    "hasOther": false,
    "skipped": 0,
    "hasSkipped": false
  },
  "results": [
    {
      "uuid": "843bc2d6-3c00-42de-982f-183abe6c9d46",
      "title": "",
      "fullFile": "",
      "file": "",
      "beforeHooks": [],
      "afterHooks": [],
      "tests": [],
      "suites": [
        {
          "uuid": "2f79e5fb-e8ad-4bd9-b30a-a0babeb3dcdf",
          "title": "fetching all users",
          "fullFile": "E:\\Vs Code\\CodeBoxx\\BackendYTsubscriberProject\\_test\\controllers.test.js",
          "file": "\\_test\\controllers.test.js",
          "beforeHooks": [],
          "afterHooks": [],
          "tests": [
            {
              "title": "gets all users",
              "fullTitle": "fetching all users gets all users",
              "timedOut": false,
              "duration": 15,
              "state": "passed",
              "speed": "fast",
              "pass": true,
              "fail": false,
              "pending": false,
              "context": null,
              "code": "chai\n  .request(\"http://localhost:3000\")\n  .get(\"/subscribers\")\n  .end((err, res) => {\n    if (err) {\n      console.log(err);\n    } else {\n      res.body.should.be.a(\"array\");\n      res.should.have.status(200);\n    }\n    done();\n  });",
              "err": {},
              "uuid": "78ea9bf1-088e-41f4-a221-f9934a2e2fff",
              "parentUUID": "2f79e5fb-e8ad-4bd9-b30a-a0babeb3dcdf",
              "isHook": false,
              "skipped": false
            }
          ],
          "suites": [],
          "passes": [
            "78ea9bf1-088e-41f4-a221-f9934a2e2fff"
          ],
          "failures": [],
          "pending": [],
          "skipped": [],
          "duration": 15,
          "root": false,
          "rootEmpty": false,
          "_timeout": 2000
        },
        {
          "uuid": "3ae35b81-6abf-4b16-a101-2b2e91aea9d0",
          "title": "users with filter",
          "fullFile": "E:\\Vs Code\\CodeBoxx\\BackendYTsubscriberProject\\_test\\controllers.test.js",
          "file": "\\_test\\controllers.test.js",
          "beforeHooks": [],
          "afterHooks": [],
          "tests": [
            {
              "title": "should go to users name page",
              "fullTitle": "users with filter should go to users name page",
              "timedOut": false,
              "duration": 5,
              "state": "passed",
              "speed": "fast",
              "pass": true,
              "fail": false,
              "pending": false,
              "context": null,
              "code": "chai\n  .request(\"http://localhost:3000\")\n  .get(\"/subscribers/names\")\n  .end((err, res) => {\n    if (err) {\n      console.log(err);\n    } else {\n      res.body.should.be.a(\"array\");\n      res.should.have.status(200);\n    }\n    done();\n  });",
              "err": {},
              "uuid": "351c01e1-9e28-4775-b592-0be9147a280f",
              "parentUUID": "3ae35b81-6abf-4b16-a101-2b2e91aea9d0",
              "isHook": false,
              "skipped": false
            }
          ],
          "suites": [],
          "passes": [
            "351c01e1-9e28-4775-b592-0be9147a280f"
          ],
          "failures": [],
          "pending": [],
          "skipped": [],
          "duration": 5,
          "root": false,
          "rootEmpty": false,
          "_timeout": 2000
        },
        {
          "uuid": "5c9f859e-0f12-4d4c-896e-71eeb1b53590",
          "title": "gets user by id",
          "fullFile": "E:\\Vs Code\\CodeBoxx\\BackendYTsubscriberProject\\_test\\controllers.test.js",
          "file": "\\_test\\controllers.test.js",
          "beforeHooks": [],
          "afterHooks": [],
          "tests": [
            {
              "title": "should go to specific user page",
              "fullTitle": "gets user by id should go to specific user page",
              "timedOut": false,
              "duration": 4,
              "state": "passed",
              "speed": "fast",
              "pass": true,
              "fail": false,
              "pending": false,
              "context": null,
              "code": "chai\n  .request(\"http://localhost:3000\")\n  .get(\"/subscribers/64b26c7447f97f43c4054231\")\n  .end((err, res) => {\n    if (err) {\n      console.log(err);\n    } else {\n    \n      res.body.should.be.a(\"object\");\n      res.should.have.status(200);\n    }\n    done();\n  });",
              "err": {},
              "uuid": "ab9a131f-2317-40d9-93c4-e7f2a42c4c10",
              "parentUUID": "5c9f859e-0f12-4d4c-896e-71eeb1b53590",
              "isHook": false,
              "skipped": false
            }
          ],
          "suites": [],
          "passes": [
            "ab9a131f-2317-40d9-93c4-e7f2a42c4c10"
          ],
          "failures": [],
          "pending": [],
          "skipped": [],
          "duration": 4,
          "root": false,
          "rootEmpty": false,
          "_timeout": 2000
        },
        {
          "uuid": "d1c34884-0746-46d5-af70-30ed9cbc54c2",
          "title": "test for the landing page",
          "fullFile": "E:\\Vs Code\\CodeBoxx\\BackendYTsubscriberProject\\_test\\Landingpage.test.js",
          "file": "\\_test\\Landingpage.test.js",
          "beforeHooks": [],
          "afterHooks": [],
          "tests": [
            {
              "title": "checking the res status code",
              "fullTitle": "test for the landing page checking the res status code",
              "timedOut": false,
              "duration": 8,
              "state": "passed",
              "speed": "fast",
              "pass": true,
              "fail": false,
              "pending": false,
              "context": null,
              "code": "chai\n  .request(server)\n  .get(\"/\")\n  .end((err, res) => {\n    res.should.have.status(200);\n  });\ndone();",
              "err": {},
              "uuid": "3239394c-5e7f-403c-a89e-b639a56296b0",
              "parentUUID": "d1c34884-0746-46d5-af70-30ed9cbc54c2",
              "isHook": false,
              "skipped": false
            }
          ],
          "suites": [],
          "passes": [
            "3239394c-5e7f-403c-a89e-b639a56296b0"
          ],
          "failures": [],
          "pending": [],
          "skipped": [],
          "duration": 8,
          "root": false,
          "rootEmpty": false,
          "_timeout": 2000
        }
      ],
      "passes": [],
      "failures": [],
      "pending": [],
      "skipped": [],
      "duration": 0,
      "root": true,
      "rootEmpty": true,
      "_timeout": 2000
    }
  ],
  "meta": {
    "mocha": {
      "version": "8.4.0"
    },
    "mochawesome": {
      "options": {
        "quiet": false,
        "reportFilename": "mochawesome",
        "saveHtml": true,
        "saveJson": true,
        "consoleReporter": "spec",
        "useInlineDiffs": false,
        "code": true
      },
      "version": "7.1.3"
    },
    "marge": {
      "options": null,
      "version": "6.2.0"
    }
  }
}